Key 1 :
lqwkh hduob gdbve xlogl qjfrp sxwhu vbvwh pvzdv hdvbz kbbrx
dvneh fdxvh xvhuv glgqw hashf wpxfk lwlvw krvhg duqhg xvhuv
zlwkw khluh ashfw dwlrq vrihd vhrix vhklj kshui rupdq fhuho
ldelo lwbhw fwkdw uhdoo bkdyh ohgwr doowk hvhkh dgdfk hvqha
wwlph brxph hwrqh riwkr vhfrp sxwhu xvhuv wkdqn wkhpi rudoo
wkhsu reohp vwkhb kdyhf dxvhg 

Key 2 :
kpvjg gctna fcaud wknfk pieqo rwvgt uauvg ouycu gcuay jaaqw
cumdg ecwug wugtu fkfpv gzrge vowej kvkuv jqugf ctpgf wugtu
ykvjv jgktg zrgev cvkqp uqhgc ugqhw ugjki jrgth qtocp egtgn
kcdkn kvagv evjcv tgcnn ajcxg ngfvq cnnvj gugjg cfcej gupgz
vvkog aqwog gvqpg qhvjq ugeqo rwvgt wugtu vjcpm vjgoh qtcnn
vjgrt qdngo uvjga jcxge cwugf 

Key 3 :
jouif fbsmz ebztc vjmej ohdpn qvufs tztuf ntxbt fbtzx izzpv
btlcf dbvtf vtfst ejeou fyqfd unvdi jujtu iptfe bsofe vtfst
xjuiu ifjsf yqfdu bujpo tpgfb tfpgv tfijh iqfsg psnbo dfsfm
jbcjm juzfu duibu sfbmm zibwf mfeup bmmui ftfif bebdi ftofy
uujnf zpvnf fupof pguip tfdpn qvufs vtfst uibol uifng psbmm
uifqs pcmfn tuifz ibwfd bvtfe 

Key 4 :
inthe early daysb uildi ngcom puter syste mswas easyw hyyou
askbe cause users didnt expec tmuch itist hosed arned users
witht heire xpect ation sofea seofu sehig hperf orman cerel
iabil ityet cthat reall yhave ledto allth esehe adach esnex
ttime youme etone oftho secom puter users thank themf orall
thepr oblem sthey havec aused 

Key 5 :
hmsgd dzqkx czxra thkch mfbnl otsdq rxrsd lrvzr dzrxv gxxnt
zrjad bztrd trdqr chcms dwodb sltbg hshrs gnrdc zqmdc trdqr
vhsgs gdhqd wodbs zshnm rnedz rdnet rdghf godqe nqlzm bdqdk
hzahk hsxds bsgzs qdzkk xgzud kdcsn zkksg drdgd zczbg drmdw
sshld xntld dsnmd nesgn rdbnl otsdq trdqr sgzmj sgdle nqzkk
sgdoq nakdl rsgdx gzudb ztrdc 

Key 6 :
glrfc cypjw bywqz sgjbg leamk nsrcp qwqrc kquyq cyqwu fwwms
yqizc aysqc sqcpq bgblr cvnca rksaf grgqr fmqcb yplcb sqcpq
ugrfr fcgpc vncar yrgml qmdcy qcmds qcfge fncpd mpkyl acpcj
gyzgj grwcr arfyr pcyjj wfytc jcbrm yjjrf cqcfc ybyaf cqlcv
rrgkc wmskc crmlc mdrfm qcamk nsrcp sqcpq rfyli rfckd mpyjj
rfcnp mzjck qrfcw fytca ysqcb 

Key 7 :
fkqeb bxoiv axvpy rfiaf kdzlj mrqbo pvpqb jptxp bxpvt evvlr
xphyb zxrpb rpbop afakq bumbz qjrze fqfpq elpba xokba rpbop
tfqeq ebfob umbzq xqflk plcbx pblcr pbefd emboc lojxk zbobi
fxyfi fqvbq zqexq obxii vexsb ibaql xiiqe bpbeb xaxze bpkbu
qqfjb vlrjb bqlkb lcqel pbzlj mrqbo rpbop qexkh qebjc loxii
qebmo lyibj pqebv exsbz xrpba 

Key 8 :
ejpda awnhu zwuox qehze jcyki lqpan ouopa ioswo awous duukq
wogxa ywqoa qoano zezjp atlay piqyd epeop dkoaz wnjaz qoano
sepdp daena tlayp wpekj okbaw oakbq oadec dlanb kniwj yanah
ewxeh epuap ypdwp nawhh udwra hazpk whhpd aoada wzwyd aojat
ppeia ukqia apkja kbpdk oayki lqpan qoano pdwjg pdaib knwhh
pdaln kxhai opdau dwray wqoaz 

Key 9 :
diocz zvmgt yvtnw pdgyd ibxjh kpozm ntnoz hnrvn zvntr cttjp
vnfwz xvpnz pnzmn ydyio zskzx ohpxc dodno cjnzy vmizy pnzmn
rdoco czdmz skzxo vodji njazv nzjap nzcdb ckzma jmhvi xzmzg
dvwdg dotzo xocvo mzvgg tcvqz gzyoj vggoc znzcz vyvxc znizs
oodhz tjphz zojiz jaocj nzxjh kpozm pnzmn ocvif oczha jmvgg
oczkm jwgzh noczt cvqzx vpnzy 

Key 10 :
chnby yulfs xusmv ocfxc hawig jonyl msmny gmqum yumsq bssio
umevy wuomy omylm xcxhn yrjyw ngowb cncmn bimyx ulhyx omylm
qcnbn bycly rjywn uncih mizyu myizo mybca bjylz ilguh wylyf
cuvcf cnsyn wnbun lyuff sbupy fyxni uffnb ymyby uxuwb ymhyr
nncgy siogy ynihy iznbi mywig jonyl omylm nbuhe nbygz iluff
nbyjl ivfyg mnbys bupyw uomyx 

Key 11 :
bgmax xtker wtrlu nbewb gzvhf inmxk lrlmx flptl xtlrp arrhn
tldux vtnlx nlxkl wbwgm xqixv mfnva bmblm ahlxw tkgxw nlxkl
pbmam axbkx qixvm tmbhg lhyxt lxhyn lxabz aixky hkftg vxkxe
btube bmrxm vmatm kxtee ratox exwmh teema xlxax twtva xlgxq
mmbfx rhnfx xmhgx hymah lxvhf inmxk nlxkl matgd maxfy hktee
maxik huexf lmaxr atoxv tnlxw 

Key 12 :
aflzw wsjdq vsqkt madva fyuge hmlwj kqklw ekosk wskqo zqqgm
skctw usmkw mkwjk vavfl wphwu lemuz alakl zgkwv sjfwv mkwjk
oalzl zwajw phwul slagf kgxws kwgxm kwzay zhwjx gjesf uwjwd
astad alqwl ulzsl jwsdd qzsnw dwvlg sddlz wkwzw svsuz wkfwp
llaew qgmew wlgfw gxlzg kwuge hmlwj mkwjk lzsfc lzwex gjsdd
lzwhj gtdwe klzwq zsnwu smkwv 

Key 13 :
zekyv vricp urpjs lzcuz extfd glkvi jpjkv djnrj vrjpn yppfl
rjbsv trljv ljvij uzuek vogvt kdlty zkzjk yfjvu rievu ljvij
nzkyk yvziv ogvtk rkzfe jfwvr jvfwl jvyzx ygviw fidre tvivc
zrszc zkpvk tkyrk ivrcc pyrmv cvukf rccky vjvyv rurty vjevo
kkzdv pfldv vkfev fwkyf jvtfd glkvi ljvij kyreb kyvdw fircc
kyvgi fscvd jkyvp yrmvt rljvu 

Key 14 :
ydjxu uqhbo tqoir kybty dwsec fkjuh ioiju cimqi uqiom xooek
qiaru sqkiu kiuhi tytdj unfus jcksx yjyij xeiut qhdut kiuhi
myjxj xuyhu nfusj qjyed ievuq iuevk iuxyw xfuhv ehcqd suhub
yqryb yjouj sjxqj huqbb oxqlu butje qbbjx uiuxu qtqsx uidun
jjycu oekcu ujedu evjxe iusec fkjuh kiuhi jxqda jxucv ehqbb
jxufh erbuc ijxuo xqlus qkiut 

Key 15 :
xciwt tpgan spnhq jxasx cvrdb ejitg hnhit bhlph tphnl wnndj
phzqt rpjht jhtgh sxsci tmetr ibjrw xixhi wdhts pgcts jhtgh
lxiwi wtxgt metri pixdc hdutp htduj htwxv wetgu dgbpc rtgta
xpqxa xinti riwpi gtpaa nwpkt atsid paaiw thtwt psprw thctm
iixbt ndjbt tidct duiwd htrdb ejitg jhtgh iwpcz iwtbu dgpaa
iwteg dqatb hiwtn wpktr pjhts 

Key 16 :
wbhvs sofzm romgp iwzrw buqca dihsf gmghs agkog sogmk vmmci
ogyps qoigs igsfg rwrbh sldsq haiqv whwgh vcgsr ofbsr igsfg
kwhvh vswfs ldsqh ohwcb gctso gscti gsvwu vdsft cfaob qsfsz
wopwz whmsh qhvoh fsozz mvojs zsrhc ozzhv sgsvs oroqv sgbsl
hhwas mcias shcbs cthvc gsqca dihsf igsfg hvoby hvsat cfozz
hvsdf cpzsa ghvsm vojsq oigsr 

Key 17 :
vagur rneyl qnlfo hvyqv atpbz chgre flfgr zfjnf rnflj ullbh
nfxor pnhfr hfref qvqag rkcrp gzhpu vgvfg ubfrq nearq hfref
jvgug urver kcrpg ngvba fbsrn frbsh fruvt ucres bezna prery
vnovy vglrg pgung ernyy lunir yrqgb nyygu rfrur nqnpu rfark
ggvzr lbhzr rgbar bsgub frpbz chgre hfref gunax gurzs benyy
gurce boyrz fgurl unirp nhfrq 

Key 18 :
uzftq qmdxk pmken guxpu zsoay bgfqd ekefq yeime qmeki tkkag
mewnq omgeq geqde pupzf qjbqo fygot ufuef taeqp mdzqp geqde
iuftf tqudq jbqof mfuaz earqm eqarg eqtus tbqdr adymz oqdqx
umnux ufkqf oftmf dqmxx ktmhq xqpfa mxxft qeqtq mpmot qezqj
ffuyq kagyq qfazq arfta eqoay bgfqd geqde ftmzw ftqyr admxx
ftqbd anxqy eftqk tmhqo mgeqp 

Key 19 :
tyesp plcwj oljdm ftwot yrnzx afepc djdep xdhld pldjh sjjzf
ldvmp nlfdp fdpcd otoye piapn exfns tetde szdpo lcypo fdpcd
htese sptcp iapne letzy dzqpl dpzqf dpstr sapcq zcxly npcpw
tlmtw tejpe nesle cplww jslgp wpoez lwwes pdpsp lolns pdypi
eetxp jzfxp pezyp zqesz dpnzx afepc fdpcd eslyv espxq zclww
espac zmwpx despj slgpn lfdpo 

Key 20 :
sxdro okbvi nkicl esvns xqmyw zedob cicdo wcgkc okcig riiye
kculo mkeco ecobc nsnxd ohzom dwemr sdscd rycon kbxon ecobc
gsdrd rosbo hzomd kdsyx cypok coype corsq rzobp ybwkx mobov
sklsv sdiod mdrkd bokvv irkfo vondy kvvdr ocoro knkmr ocxoh
ddswo iyewo odyxo ypdry comyw zedob ecobc drkxu drowp ybkvv
drozb ylvow cdroi rkfom kecon 

Key 21 :
rwcqn njauh mjhbk drumr wplxv ydcna bhbcn vbfjb njbhf qhhxd
jbtkn ljdbn dbnab mrmwc ngynl cvdlq rcrbc qxbnm jawnm dbnab
frcqc qnran gynlc jcrxw bxonj bnxod bnqrp qynao xavjw lnanu
rjkru rchnc lcqjc anjuu hqjen unmcx juucq nbnqn jmjlq nbwng
ccrvn hxdvn ncxwn xocqx bnlxv ydcna dbnab cqjwt cqnvo xajuu
cqnya xkunv bcqnh qjenl jdbnm 

Key 22 :
qvbpm miztg ligaj cqtlq vokwu xcbmz agabm uaeia miage pggwc
iasjm kicam camza lqlvb mfxmk buckp qbqab pwaml izvml camza
eqbpb pmqzm fxmkb ibqwv awnmi amwnc ampqo pxmzn wzuiv kmzmt
qijqt qbgmb kbpib zmitt gpidm tmlbw ittbp mampm ilikp mavmf
bbqum gwcum mbwvm wnbpw amkwu xcbmz camza bpivs bpmun wzitt
bpmxz wjtmu abpmg pidmk icaml 

Key 23 :
puaol lhysf khfzi bpskp unjvt wbaly zfzal tzdhz lhzfd offvb
hzril jhbzl bzlyz kpkua lewlj atbjo papza ovzlk hyulk bzlyz
dpaoa olpyl ewlja hapvu zvmlh zlvmb zlopn owlym vythu jlyls
phips pafla jaoha ylhss fohcl slkav hssao lzlol hkhjo lzule
aaptl fvbtl lavul vmaov zljvt wbaly bzlyz aohur aoltm vyhss
aolwy vislt zaolf ohclj hbzlk 

Key 24 :
otznk kgxre jgeyh aorjo tmius vazkx yeyzk sycgy kgyec neeua
gyqhk igayk aykxy jojtz kdvki zsain ozoyz nuykj gxtkj aykxy
coznz nkoxk dvkiz gzout yulkg ykula yknom nvkxl uxsgt ikxkr
oghor ozekz izngz xkgrr engbk rkjzu grrzn kyknk gjgin kytkd
zzosk euask kzutk ulznu ykius vazkx aykxy zngtq znksl uxgrr
znkvx uhrks yznke ngbki gaykj 

Key 25 :
nsymj jfwqd ifdxg znqin slhtr uzyjw xdxyj rxbfx jfxdb mddtz
fxpgj hfzxj zxjwx inisy jcujh yrzhm nynxy mtxji fwsji zxjwx
bnymy mjnwj cujhy fynts xtkjf xjtkz xjmnl mujwk twrfs hjwjq
nfgnq nydjy hymfy wjfqq dmfaj qjiyt fqqym jxjmj fifhm jxsjc
yynrj dtzrj jytsj tkymt xjhtr uzyjw zxjwx ymfsp ymjrk twfqq
ymjuw tgqjr xymjd mfajh fzxji 

Key 26 :
mrxli ievpc hecwf ymphm rkgsq tyxiv wcwxi qwaew iewca lccsy
ewofi geywi ywivw hmhrx ibtig xqygl mxmwx lswih evrih ywivw
amxlx limvi btigx exmsr wsjie wisjy wilmk ltivj svqer givip
mefmp mxcix gxlex viepp clezi pihxs eppxl iwili ehegl iwrib
xxmqi csyqi ixsri sjxls wigsq tyxiv ywivw xlero xliqj svepp
xlitv sfpiq wxlic lezig eywih 

